Copyright 1986-2014 Xilinx, Inc. All Rights Reserved.
-----------------------------------------------------------------------------------------------------------------
| Tool Version : Vivado v.2014.4 (win64) Build 1071353 Tue Nov 18 18:24:04 MST 2014
| Date         : Tue Jul 28 09:49:19 2015
| Host         : SDPC117 running 64-bit Service Pack 1  (build 7601)
| Command      : report_utilization -file pcie_module_utilization_synth.rpt -pb pcie_module_utilization_synth.pb
| Design       : pcie_module
| Device       : xc7a200t
| Design State : Synthesized
-----------------------------------------------------------------------------------------------------------------

Utilization Design Information

Table of Contents
-----------------
1. Slice Logic
1.1 Summary of Registers by Type
2. Memory
3. DSP
4. IO and GT Specific
5. Clocking
6. Specific Feature
7. Primitives
8. Black Boxes
9. Instantiated Netlists

1. Slice Logic
--------------

+----------------------------+-------+-------+-----------+-------+
|          Site Type         |  Used | Fixed | Available | Util% |
+----------------------------+-------+-------+-----------+-------+
| Slice LUTs*                | 21934 |     0 |    134600 | 16.29 |
|   LUT as Logic             | 20886 |     0 |    134600 | 15.51 |
|   LUT as Memory            |  1048 |     0 |     46200 |  2.26 |
|     LUT as Distributed RAM |   924 |     0 |           |       |
|     LUT as Shift Register  |   124 |     0 |           |       |
| Slice Registers            | 23495 |     0 |    269200 |  8.72 |
|   Register as Flip Flop    | 23495 |     0 |    269200 |  8.72 |
|   Register as Latch        |     0 |     0 |    269200 |  0.00 |
| F7 Muxes                   |  1500 |     0 |     67300 |  2.22 |
| F8 Muxes                   |   431 |     0 |     33650 |  1.28 |
+----------------------------+-------+-------+-----------+-------+
* Warning! The Final LUT count, after physical optimizations and full implementation, is typically lower. Run opt_design after synthesis, if not already completed, for a more realistic count.


1.1 Summary of Registers by Type
--------------------------------

+-------+--------------+-------------+--------------+
| Total | Clock Enable | Synchronous | Asynchronous |
+-------+--------------+-------------+--------------+
| 0     |            _ |           - |            - |
| 0     |            _ |           - |          Set |
| 0     |            _ |           - |        Reset |
| 0     |            _ |         Set |            - |
| 0     |            _ |       Reset |            - |
| 0     |          Yes |           - |            - |
| 429   |          Yes |           - |          Set |
| 4375  |          Yes |           - |        Reset |
| 587   |          Yes |         Set |            - |
| 18104 |          Yes |       Reset |            - |
+-------+--------------+-------------+--------------+


2. Memory
---------

+-------------------+------+-------+-----------+-------+
|     Site Type     | Used | Fixed | Available | Util% |
+-------------------+------+-------+-----------+-------+
| Block RAM Tile    | 17.5 |     0 |       365 |  4.79 |
|   RAMB36/FIFO*    |   17 |     0 |       365 |  4.65 |
|     FIFO36E1 only |    7 |       |           |       |
|     RAMB36E1 only |   10 |       |           |       |
|   RAMB18          |    1 |     0 |       730 |  0.13 |
|     RAMB18E1 only |    1 |       |           |       |
+-------------------+------+-------+-----------+-------+
* Note: Each Block RAM Tile only has one FIFO logic available and therefore can accommodate only one FIFO36E1 or one FIFO18E1. However, if a FIFO18E1 occupies a Block RAM Tile, that tile can still accommodate a RAMB18E1


3. DSP
------

+-----------+------+-------+-----------+-------+
| Site Type | Used | Fixed | Available | Util% |
+-----------+------+-------+-----------+-------+
| DSPs      |    0 |     0 |       740 |  0.00 |
+-----------+------+-------+-----------+-------+


4. IO and GT Specific
---------------------

+-----------------------------+------+-------+-----------+-------+
|          Site Type          | Used | Fixed | Available | Util% |
+-----------------------------+------+-------+-----------+-------+
| Bonded IOB                  |   73 |     0 |       500 | 14.60 |
| Bonded IPADs                |   10 |     0 |        50 | 20.00 |
| Bonded OPADs                |    8 |     0 |        32 | 25.00 |
| PHY_CONTROL                 |    2 |     0 |        10 | 20.00 |
| PHASER_REF                  |    2 |     0 |        10 | 20.00 |
| OUT_FIFO                    |    7 |     0 |        40 | 17.50 |
| IN_FIFO                     |    4 |     0 |        40 | 10.00 |
| IDELAYCTRL                  |    1 |     0 |        10 | 10.00 |
| IBUFGDS                     |    0 |     0 |       480 |  0.00 |
| PHASER_OUT/PHASER_OUT_PHY   |    7 |     0 |        40 | 17.50 |
|   PHASER_OUT_PHY only       |    7 |     0 |           |       |
| PHASER_IN/PHASER_IN_PHY     |    4 |     0 |        40 | 10.00 |
|   PHASER_IN_PHY only        |    4 |     0 |           |       |
| IDELAYE2/IDELAYE2_FINEDELAY |   32 |     0 |       500 |  6.40 |
|   IDELAYE2 only             |   32 |     0 |           |       |
| IBUFDS_GTE2                 |    1 |     0 |         8 | 12.50 |
| ILOGIC                      |   36 |     0 |       500 |  7.20 |
|   ISERDES                   |   32 |       |           |       |
|   IDDR                      |    4 |       |           |       |
| OLOGIC                      |   74 |     0 |       500 | 14.80 |
|   OSERDES                   |   65 |       |           |       |
|   ODDR                      |    9 |       |           |       |
+-----------------------------+------+-------+-----------+-------+


5. Clocking
-----------

+------------+------+-------+-----------+-------+
|  Site Type | Used | Fixed | Available | Util% |
+------------+------+-------+-----------+-------+
| BUFGCTRL   |    7 |     0 |        32 | 21.87 |
| BUFIO      |    0 |     0 |        40 |  0.00 |
| MMCME2_ADV |    2 |     0 |        10 | 20.00 |
| PLLE2_ADV  |    1 |     0 |        10 | 10.00 |
| BUFMRCE    |    0 |     0 |        20 |  0.00 |
| BUFHCE     |    2 |     0 |       120 |  1.66 |
| BUFR       |    0 |     0 |        40 |  0.00 |
+------------+------+-------+-----------+-------+


6. Specific Feature
-------------------

+-------------+------+-------+-----------+--------+
|  Site Type  | Used | Fixed | Available |  Util% |
+-------------+------+-------+-----------+--------+
| BSCANE2     |    0 |     0 |         4 |   0.00 |
| CAPTUREE2   |    0 |     0 |         1 |   0.00 |
| DNA_PORT    |    0 |     0 |         1 |   0.00 |
| EFUSE_USR   |    0 |     0 |         1 |   0.00 |
| FRAME_ECCE2 |    0 |     0 |         1 |   0.00 |
| ICAPE2      |    0 |     0 |         2 |   0.00 |
| PCIE_2_1    |    1 |     0 |         1 | 100.00 |
| STARTUPE2   |    0 |     0 |         1 |   0.00 |
| XADC        |    1 |     0 |         1 | 100.00 |
+-------------+------+-------+-----------+--------+


7. Primitives
-------------

+--------------------------+-------+----------------------+
|         Ref Name         |  Used |  Functional Category |
+--------------------------+-------+----------------------+
| FDRE                     | 18104 |         Flop & Latch |
| LUT6                     |  9538 |                  LUT |
| FDCE                     |  4375 |         Flop & Latch |
| LUT5                     |  4029 |                  LUT |
| LUT3                     |  3127 |                  LUT |
| LUT4                     |  2896 |                  LUT |
| LUT2                     |  2783 |                  LUT |
| MUXF7                    |  1500 |                MuxFx |
| LUT1                     |  1457 |                  LUT |
| RAMD32                   |  1386 |   Distributed Memory |
| CARRY4                   |   592 |           CarryLogic |
| FDSE                     |   587 |         Flop & Latch |
| RAMS32                   |   462 |   Distributed Memory |
| MUXF8                    |   431 |                MuxFx |
| FDPE                     |   429 |         Flop & Latch |
| SRL16E                   |   124 |   Distributed Memory |
| OSERDESE2                |    65 |                   IO |
| OBUFT                    |    36 |                   IO |
| OBUF                     |    34 |                   IO |
| ISERDESE2                |    32 |                   IO |
| IDELAYE2                 |    32 |                   IO |
| IBUF_INTERMDISABLE       |    32 |                   IO |
| IBUF                     |    11 |                   IO |
| RAMB36E1                 |    10 |         Block Memory |
| ODDR                     |     9 |                   IO |
| OBUFTDS                  |     8 |                   IO |
| IBUFDS_INTERMDISABLE_INT |     8 |                   IO |
| PHASER_OUT_PHY           |     7 |                   IO |
| OUT_FIFO                 |     7 |                   IO |
| FIFO36E1                 |     7 |         Block Memory |
| BUFG                     |     6 |                Clock |
| INV                      |     5 |                  LUT |
| PHASER_IN_PHY            |     4 |                   IO |
| IN_FIFO                  |     4 |                   IO |
| IDDR                     |     4 |                   IO |
| GTPE2_CHANNEL            |     4 |                   IO |
| PHY_CONTROL              |     2 |                   IO |
| PHASER_REF               |     2 |                   IO |
| OBUFDS                   |     2 |                   IO |
| MMCME2_ADV               |     2 |                Clock |
| BUFH                     |     2 |                Clock |
| XADC                     |     1 |               Others |
| RAMB18E1                 |     1 |         Block Memory |
| PLLE2_ADV                |     1 |                Clock |
| PCIE_2_1                 |     1 | Specialized Resource |
| IDELAYCTRL               |     1 |                   IO |
| IBUFDS_GTE2              |     1 |                   IO |
| GTPE2_COMMON             |     1 |                   IO |
| BUFGCTRL                 |     1 |                Clock |
+--------------------------+-------+----------------------+


8. Black Boxes
--------------

+------------+------+
|  Ref Name  | Used |
+------------+------+
| clock_unit |    1 |
+------------+------+


9. Instantiated Netlists
------------------------

+------------------+------+
|     Ref Name     | Used |
+------------------+------+
| prime_FIFO_plain |    3 |
| sfifo_15x128     |    1 |
+------------------+------+


